[INFO  - 2019-01-28T07:00:59.852Z] GhostDriver - Main - running on port 62541
[INFO  - 2019-01-28T07:01:00.136Z] Session [77de3420-22ca-11e9-8bb4-598309cd967e] - page.settings - {"XSSAuditingEnabled":false,"javascriptCanCloseWindows":true,"javascriptCanOpenWindows":true,"javascriptEnabled":true,"loadImages":true,"localToRemoteUrlAccessEnabled":false,"userAgent":"Mozilla/5.0 (Macintosh; Intel Mac OS X) AppleWebKit/538.1 (KHTML, like Gecko) PhantomJS/2.1.1 Safari/538.1","webSecurityEnabled":true}
[INFO  - 2019-01-28T07:01:00.137Z] Session [77de3420-22ca-11e9-8bb4-598309cd967e] - page.customHeaders:  - {}
[INFO  - 2019-01-28T07:01:00.137Z] Session [77de3420-22ca-11e9-8bb4-598309cd967e] - Session.negotiatedCapabilities - {"browserName":"phantomjs","version":"2.1.1","driverName":"ghostdriver","driverVersion":"1.2.0","platform":"mac-unknown-64bit","javascriptEnabled":true,"takesScreenshot":true,"handlesAlerts":false,"databaseEnabled":false,"locationContextEnabled":false,"applicationCacheEnabled":false,"browserConnectionEnabled":false,"cssSelectorsEnabled":true,"webStorageEnabled":false,"rotatable":false,"acceptSslCerts":false,"nativeEvents":true,"proxy":{"proxyType":"direct"}}
[INFO  - 2019-01-28T07:01:00.137Z] SessionManagerReqHand - _postNewSessionCommand - New Session Created: 77de3420-22ca-11e9-8bb4-598309cd967e
[ERROR - 2019-01-28T07:01:02.269Z] Session [77de3420-22ca-11e9-8bb4-598309cd967e] - page.onError - msg: ReferenceError: Can't find variable: logo

  phantomjs://platform/console++.js:263 in error
[ERROR - 2019-01-28T07:01:02.270Z] Session [77de3420-22ca-11e9-8bb4-598309cd967e] - page.onError - stack:
  global code (https://pos.baidu.com/s?hei=250&wid=300&di=u3189371&ltu=https%3A%2F%2Fwww.qiushibaike.com%2Ftext%2F&psi=f9760cff3e3af85ca22b129ea97c1c59&cfv=0&dri=0&tpr=1548658861856&tlm=1548630061&drs=3&tcn=1548658862&pcs=400x300&exps=111000,110000&par=1024x768&dc=3&ccd=32&col=zh-CN&chi=1&ant=0&cdo=-1&cce=true&dtm=HTML_POST&dai=1&cmi=0&cec=UTF-8&cpl=0&pis=-1x-1&dis=0&ari=2&pss=982x8533&cja=false&ti=%E5%B9%BD%E9%BB%98%E7%AC%91%E8%AF%9D%E5%A4%A7%E5%85%A8_%E7%88%86%E7%AC%91%E7%AC%91%E8%AF%9D_%E7%AC%91%E7%A0%B4%E4%BD%A0%E7%9A%84%E8%82%9A%E5%AD%90%E7%9A%84%E6%90%9E%E7%AC%91%E6%AE%B5%E5%AD%90%20-%20%E7%B3%97%E4%BA%8B%E7%99%BE%E7%A7%91&ps=98x666&prot=2&psr=1024x768:478)

  phantomjs://platform/console++.js:263 in error
[ERROR - 2019-01-28T07:01:02.416Z] Session [77de3420-22ca-11e9-8bb4-598309cd967e] - page.onError - msg: ReferenceError: Can't find variable: logo

  phantomjs://platform/console++.js:263 in error
[ERROR - 2019-01-28T07:01:02.416Z] Session [77de3420-22ca-11e9-8bb4-598309cd967e] - page.onError - stack:
  global code (https://pos.baidu.com/s?hei=250&wid=300&di=u3535507&ltu=https%3A%2F%2Fwww.qiushibaike.com%2Ftext%2F&psi=f9760cff3e3af85ca22b129ea97c1c59&dai=3&par=1024x768&cja=false&ti=%E5%B9%BD%E9%BB%98%E7%AC%91%E8%AF%9D%E5%A4%A7%E5%85%A8_%E7%88%86%E7%AC%91%E7%AC%91%E8%AF%9D_%E7%AC%91%E7%A0%B4%E4%BD%A0%E7%9A%84%E8%82%9A%E5%AD%90%E7%9A%84%E6%90%9E%E7%AC%91%E6%AE%B5%E5%AD%90%20-%20%E7%B3%97%E4%BA%8B%E7%99%BE%E7%A7%91&ps=1930x666&ccd=32&psr=1024x768&tcn=1548658862&cmi=0&dri=0&dc=3&ari=2&chi=1&col=zh-CN&cfv=0&pis=-1x-1&cdo=-1&cec=UTF-8&cpl=0&dtm=HTML_POST&ant=0&exps=111000,110000&cce=true&pss=982x8533&tpr=1548658861856&tlm=1548630061&dis=0&pcs=400x300&prot=2&drs=3:252)

  phantomjs://platform/console++.js:263 in error
[ERROR - 2019-01-28T07:01:02.432Z] Session [77de3420-22ca-11e9-8bb4-598309cd967e] - page.onError - msg: ReferenceError: Can't find variable: logo

  phantomjs://platform/console++.js:263 in error
[ERROR - 2019-01-28T07:01:02.432Z] Session [77de3420-22ca-11e9-8bb4-598309cd967e] - page.onError - stack:
  global code (https://pos.baidu.com/s?hei=250&wid=300&di=u3535508&ltu=https%3A%2F%2Fwww.qiushibaike.com%2Ftext%2F&psi=f9760cff3e3af85ca22b129ea97c1c59&pcs=400x300&cec=UTF-8&prot=2&ti=%E5%B9%BD%E9%BB%98%E7%AC%91%E8%AF%9D%E5%A4%A7%E5%85%A8_%E7%88%86%E7%AC%91%E7%AC%91%E8%AF%9D_%E7%AC%91%E7%A0%B4%E4%BD%A0%E7%9A%84%E8%82%9A%E5%AD%90%E7%9A%84%E6%90%9E%E7%AC%91%E6%AE%B5%E5%AD%90%20-%20%E7%B3%97%E4%BA%8B%E7%99%BE%E7%A7%91&dtm=HTML_POST&chi=1&exps=111000,110000&dc=3&cdo=-1&tpr=1548658861856&pis=-1x-1&drs=3&tlm=1548630061&ccd=32&dai=4&ari=2&ps=2196x666&cpl=0&psr=1024x768&tcn=1548658862&col=zh-CN&pss=982x8533&cmi=0&cja=false&dri=0&cfv=0&ant=0&cce=true&dis=0&par=1024x768:254)

  phantomjs://platform/console++.js:263 in error
[ERROR - 2019-01-28T07:01:02.450Z] Session [77de3420-22ca-11e9-8bb4-598309cd967e] - page.onError - msg: ReferenceError: Can't find variable: logo

  phantomjs://platform/console++.js:263 in error
[ERROR - 2019-01-28T07:01:02.450Z] Session [77de3420-22ca-11e9-8bb4-598309cd967e] - page.onError - stack:
  global code (https://pos.baidu.com/s?hei=250&wid=300&di=u693365&ltu=https%3A%2F%2Fwww.qiushibaike.com%2Ftext%2F&psi=f9760cff3e3af85ca22b129ea97c1c59&dc=3&psr=1024x768&ti=%E5%B9%BD%E9%BB%98%E7%AC%91%E8%AF%9D%E5%A4%A7%E5%85%A8_%E7%88%86%E7%AC%91%E7%AC%91%E8%AF%9D_%E7%AC%91%E7%A0%B4%E4%BD%A0%E7%9A%84%E8%82%9A%E5%AD%90%E7%9A%84%E6%90%9E%E7%AC%91%E6%AE%B5%E5%AD%90%20-%20%E7%B3%97%E4%BA%8B%E7%99%BE%E7%A7%91&drs=3&par=1024x768&pss=982x8533&cmi=0&prot=2&tlm=1548630061&dri=0&chi=1&cdo=-1&ari=2&cja=false&cec=UTF-8&pis=-1x-1&pcs=400x300&ps=364x666&cpl=0&dtm=HTML_POST&ccd=32&col=zh-CN&exps=111000,110000&ant=0&cfv=0&dai=2&tpr=1548658861856&dis=0&cce=true&tcn=1548658862:254)

  phantomjs://platform/console++.js:263 in error
[ERROR - 2019-01-28T07:01:02.853Z] Session [77de3420-22ca-11e9-8bb4-598309cd967e] - page.onError - msg: ReferenceError: Can't find variable: logo

  phantomjs://platform/console++.js:263 in error
[ERROR - 2019-01-28T07:01:02.853Z] Session [77de3420-22ca-11e9-8bb4-598309cd967e] - page.onError - stack:
  global code (https://fzb02.qiushibaike.com/gproj?byc=.c_&qcx=a__&xc=Ua-fgae-&fno=HTTPS9ah9.m9.mWWW97QIUSHIBAIKE97COM9.mTEXT9.m&jmc=Fged_CFFaEaAFfcCA..B-.gEAgeC-Ccg&xw=a&jwm=b__Xa__&jmm=gf.Xfd_-&xlc=_&uhn=-&wyw=10m8f&jm=gfXddd&yrjm=---__.,--____&ulc=.&xng=o0ts7wvz0&jul=-_.bXedf&njl=-cbfdcffd-fcd&jcm=8-X8-&xcm=_&xuc=-&jlin=.&swt=1:530)

  phantomjs://platform/console++.js:263 in error
[ERROR - 2019-01-28T07:01:03.001Z] Session [77de3420-22ca-11e9-8bb4-598309cd967e] - page.onError - msg: ReferenceError: Can't find variable: logo

  phantomjs://platform/console++.js:263 in error
[ERROR - 2019-01-28T07:01:03.001Z] Session [77de3420-22ca-11e9-8bb4-598309cd967e] - page.onError - stack:
  global code (https://fzb02.qiushibaike.com/qmzjg?byc=.c_&qcx=a__&xc=Uacacc_e&fno=HTTPS9ah9.m9.mWWW97QIUSHIBAIKE97COM9.mTEXT9.m&jmc=Fged_CFFaEaAFfcCA..B-.gEAgeC-Ccg&jcm=8-X8-&jwm=b__Xa__&jmm=gf.Xfd_-&xuc=a&jul=-_.bXedf&jm=-ga_Xddd&xw=a&xcm=_&yrjm=---__.,--____&xlc=_&xng=o0ts7wvz0&uhn=-&njl=-cbfdcffd-fcd&wyw=10m8f&ulc=.&86=dftf8&81=qgju&w6=2fydd&g6=pb8c&swt=1:304)

  phantomjs://platform/console++.js:263 in error
[ERROR - 2019-01-28T07:01:03.010Z] Session [77de3420-22ca-11e9-8bb4-598309cd967e] - page.onError - msg: ReferenceError: Can't find variable: logo

  phantomjs://platform/console++.js:263 in error
[ERROR - 2019-01-28T07:01:03.010Z] Session [77de3420-22ca-11e9-8bb4-598309cd967e] - page.onError - stack:
  global code (https://fzb02.qiushibaike.com/zmngmmm?byc=.c_&qcx=a__&xc=Uacacc_f&fno=HTTPS9ah9.m9.mWWW97QIUSHIBAIKE97COM9.mTEXT9.m&jmc=Fged_CFFaEaAFfcCA..B-.gEAgeC-Ccg&jcm=8-X8-&wyw=10m8f&xw=a&njl=-cbfdcffd-fcd&xuc=b&jm=.-gdXddd&ulc=.&xlc=_&xcm=_&uhn=-&jul=-_.bXedf&jmm=gf.Xfd_-&jwm=b__Xa__&yrj[INFO  - 2019-01-28T07:04:35.717Z] SessionManagerReqHand - _cleanupWindowlessSessions - Asynchronous Sessions clean-up phase starting NOW
[INFO  - 2019-01-28T07:09:35.718Z] SessionManagerReqHand - _cleanupWindowlessSessions - Asynchronous Sessions clean-up phase starting NOW
[INFO  - 2019-01-28T07:14:35.724Z] SessionManagerReqHand - _cleanupWindowlessSessions - Asynchronous Sessions clean-up phase starting NOW
[INFO  - 2019-01-28T07:19:35.725Z] SessionManagerReqHand - _cleanupWindowlessSessions - Asynchronous Sessions clean-up phase starting NOW
[INFO  - 2019-01-28T07:24:35.730Z] SessionManagerReqHand - _cleanupWindowlessSessions - Asynchronous Sessions clean-up phase starting NOW
[INFO  - 2019-01-28T07:29:35.739Z] SessionManagerReqHand - _cleanupWindowlessSessions - Asynchronous Sessions clean-up phase starting NOW
[INFO  - 2019-01-28T07:34:35.744Z] SessionManagerReqHand - _cleanupWindowlessSessions - Asynchronous Sessions clean-up phase starting NOW
[INFO  - 2019-01-28T07:39:35.746Z] SessionManagerReqHand - _cleanupWindowlessSessions - Asynchronous Sessions clean-up phase starting NOW
